\BOOKMARK [0][-]{chapter.1}{What is Security Engeneering?}{}
\BOOKMARK [1][-]{section.1.1}{Definitions}{chapter.1}
\BOOKMARK [2][-]{subsection.1.1.1}{System}{section.1.1}
\BOOKMARK [2][-]{subsection.1.1.2}{Subject, Person and Principal}{section.1.1}
\BOOKMARK [2][-]{subsection.1.1.3}{Identity}{section.1.1}
\BOOKMARK [2][-]{subsection.1.1.4}{Trust and Trustworthy}{section.1.1}
\BOOKMARK [2][-]{subsection.1.1.5}{Confidenciality, Privacy and Secrecy}{section.1.1}
\BOOKMARK [2][-]{subsection.1.1.6}{Authenticity and Integrity}{section.1.1}
\BOOKMARK [0][-]{chapter.2}{Usability and Psychology}{}
\BOOKMARK [1][-]{section.2.1}{Attacks Based on Psychology}{chapter.2}
\BOOKMARK [2][-]{subsection.2.1.1}{Pretexting}{section.2.1}
\BOOKMARK [2][-]{subsection.2.1.2}{Phising}{section.2.1}
\BOOKMARK [1][-]{section.2.2}{Insights from Psychology Research}{chapter.2}
\BOOKMARK [1][-]{section.2.3}{Passwords}{chapter.2}
\BOOKMARK [2][-]{subsection.2.3.1}{Difficulties with Remembering the Password}{section.2.3}
\BOOKMARK [2][-]{subsection.2.3.2}{User Abilities, Training and Design Errors}{section.2.3}
\BOOKMARK [2][-]{subsection.2.3.3}{Social-Engineering Attacks}{section.2.3}
\BOOKMARK [1][-]{section.2.4}{System Issues}{chapter.2}
\BOOKMARK [1][-]{section.2.5}{CAPTCHA's}{chapter.2}
\BOOKMARK [0][-]{chapter.3}{Protocols}{}
\BOOKMARK [1][-]{section.3.1}{Password Eavesdropping Risks}{chapter.3}
\BOOKMARK [1][-]{section.3.2}{Simple Authentication}{chapter.3}
\BOOKMARK [2][-]{subsection.3.2.1}{Challenge and response}{section.3.2}
\BOOKMARK [2][-]{subsection.3.2.2}{Reflection Attacks}{section.3.2}
\BOOKMARK [1][-]{section.3.3}{Manipulating the Message}{chapter.3}
\BOOKMARK [1][-]{section.3.4}{Changing the Environment}{chapter.3}
\BOOKMARK [1][-]{section.3.5}{Chosen Protocol Attacks}{chapter.3}
\BOOKMARK [1][-]{section.3.6}{Managing Encryption Keys}{chapter.3}
\BOOKMARK [2][-]{subsection.3.6.1}{Basic Key Management}{section.3.6}
\BOOKMARK [2][-]{subsection.3.6.2}{The Needham-Schroeder Protocol}{section.3.6}
\BOOKMARK [2][-]{subsection.3.6.3}{Kerberos}{section.3.6}
\BOOKMARK [2][-]{subsection.3.6.4}{Practical Key Management}{section.3.6}
\BOOKMARK [1][-]{section.3.7}{Getting Formal}{chapter.3}
\BOOKMARK [2][-]{subsection.3.7.1}{A Typical Smartcard Banking Protocol}{section.3.7}
\BOOKMARK [2][-]{subsection.3.7.2}{The BAN Logic}{section.3.7}
\BOOKMARK [0][-]{chapter.4}{Access Control}{}
\BOOKMARK [0][-]{chapter.5}{Cryptography}{}
\BOOKMARK [0][-]{chapter.8}{Multilevel Security}{}
\BOOKMARK [0][-]{chapter.9}{Multilateral Security}{}
